npm verb cli C:\Program Files\nodejs\node.exe C:\Program Files\nodejs\node_modules\npm\bin\npm-cli.js
npm info using npm@9.8.1
npm info using node@v18.18.0
npm verb title npm install
npm verb argv "install" "--legacy-peer-deps" "--loglevel" "verbose"
npm verb logfile logs-max:10 dir:C:\Users\samag\AppData\Local\npm-cache\_logs\2023-12-13T02_17_57_397Z-
npm verb logfile C:\Users\samag\AppData\Local\npm-cache\_logs\2023-12-13T02_17_57_397Z-debug-0.log
npm http fetch GET 200 https://registry.npmjs.org/browserstack-cypress-cli 593ms (cache revalidated)
npm http fetch GET 200 https://registry.npmjs.org/cypress 81ms (cache revalidated)
npm http fetch GET 200 https://registry.npmjs.org/git-last-commit 241ms (cache revalidated)
npm http fetch GET 200 https://registry.npmjs.org/uuid 315ms (cache revalidated)
npm http fetch GET 200 https://registry.npmjs.org/browserstack-local 379ms (cache revalidated)
npm http fetch GET 200 https://registry.npmjs.org/mocha 373ms (cache revalidated)
npm http fetch GET 200 https://registry.npmjs.org/cli-progress 418ms (cache revalidated)
npm http fetch GET 200 https://registry.npmjs.org/git-repo-info 416ms (cache revalidated)
npm http fetch GET 200 https://registry.npmjs.org/async 425ms (cache revalidated)
npm http fetch GET 200 https://registry.npmjs.org/fs-extra 426ms (cache revalidated)
npm http fetch GET 200 https://registry.npmjs.org/glob 425ms (cache revalidated)
npm http fetch GET 200 https://registry.npmjs.org/archiver 443ms (cache revalidated)
npm http fetch GET 200 https://registry.npmjs.org/chalk 442ms (cache revalidated)
npm http fetch GET 200 https://registry.npmjs.org/gitconfiglocal 443ms (cache revalidated)
npm http fetch GET 200 https://registry.npmjs.org/mkdirp 442ms (cache revalidated)
npm http fetch GET 200 https://registry.npmjs.org/table 446ms (cache revalidated)
npm http fetch GET 200 https://registry.npmjs.org/request 452ms (cache revalidated)
npm http fetch GET 200 https://registry.npmjs.org/@cypress%2fxvfb 454ms (cache revalidated)
npm http fetch GET 200 https://registry.npmjs.org/yargs 462ms (cache revalidated)
npm http fetch GET 200 https://registry.npmjs.org/chalk 453ms (cache revalidated)
npm http fetch GET 200 https://registry.npmjs.org/windows-release 475ms (cache revalidated)
npm http fetch GET 200 https://registry.npmjs.org/update-notifier 478ms (cache revalidated)
npm http fetch GET 200 https://registry.npmjs.org/winston 478ms (cache revalidated)
npm http fetch GET 200 https://registry.npmjs.org/decompress 479ms (cache revalidated)
npm http fetch GET 200 https://registry.npmjs.org/@types%2fsinonjs__fake-timers 474ms (cache revalidated)
npm http fetch GET 200 https://registry.npmjs.org/@types%2fsizzle 478ms (cache revalidated)
npm http fetch GET 200 https://registry.npmjs.org/@types%2fnode 486ms (cache revalidated)
npm http fetch GET 200 https://registry.npmjs.org/buffer 520ms (cache revalidated)
npm http fetch GET 200 https://registry.npmjs.org/check-more-types 518ms (cache revalidated)
npm http fetch GET 200 https://registry.npmjs.org/cli-cursor 520ms (cache revalidated)
npm http fetch GET 200 https://registry.npmjs.org/cli-table3 524ms (cache revalidated)
npm http fetch GET 200 https://registry.npmjs.org/blob-util 534ms (cache revalidated)
npm http fetch GET 200 https://registry.npmjs.org/arch 540ms (cache revalidated)
npm http fetch GET 200 https://registry.npmjs.org/cachedir 535ms (cache revalidated)
npm http fetch GET 200 https://registry.npmjs.org/commander 528ms (cache revalidated)
npm http fetch GET 200 https://registry.npmjs.org/common-tags 539ms (cache revalidated)
npm http fetch GET 200 https://registry.npmjs.org/debug 544ms (cache revalidated)
npm http fetch GET 200 https://registry.npmjs.org/eventemitter2 579ms (cache revalidated)
npm http fetch GET 200 https://registry.npmjs.org/getmac 622ms (cache revalidated)
npm http fetch GET 200 https://registry.npmjs.org/dayjs 589ms (cache revalidated)
npm http fetch GET 200 https://registry.npmjs.org/execa 588ms (cache revalidated)
npm http fetch GET 200 https://registry.npmjs.org/requestretry 627ms (cache revalidated)
npm http fetch GET 200 https://registry.npmjs.org/node-ipc 645ms (cache revalidated)
npm http fetch GET 200 https://registry.npmjs.org/fs-extra 608ms (cache revalidated)
npm http fetch GET 200 https://registry.npmjs.org/getos 611ms (cache revalidated)
npm http fetch GET 200 https://registry.npmjs.org/extract-zip 619ms (cache revalidated)
npm http fetch GET 200 https://registry.npmjs.org/enquirer 624ms (cache revalidated)
npm http fetch GET 200 https://registry.npmjs.org/listr2 612ms (cache revalidated)
npm http fetch GET 200 https://registry.npmjs.org/figures 630ms (cache revalidated)
npm http fetch GET 200 https://registry.npmjs.org/is-ci 629ms (cache revalidated)
npm http fetch GET 200 https://registry.npmjs.org/minimist 630ms (cache revalidated)
npm http fetch GET 200 https://registry.npmjs.org/is-installed-globally 644ms (cache revalidated)
npm http fetch GET 200 https://registry.npmjs.org/executable 656ms (cache revalidated)
npm http fetch GET 200 https://registry.npmjs.org/lodash 645ms (cache revalidated)
npm http fetch GET 200 https://registry.npmjs.org/lazy-ass 649ms (cache revalidated)
npm http fetch GET 200 https://registry.npmjs.org/ospath 646ms (cache revalidated)
npm http fetch GET 200 https://registry.npmjs.org/@cypress%2frequest 712ms (cache revalidated)
npm http fetch GET 200 https://registry.npmjs.org/process 666ms (cache revalidated)
npm http fetch GET 200 https://registry.npmjs.org/log-symbols 670ms (cache revalidated)
npm http fetch GET 200 https://registry.npmjs.org/semver 666ms (cache revalidated)
npm http fetch GET 200 https://registry.npmjs.org/proxy-from-env 683ms (cache revalidated)
npm http fetch GET 200 https://registry.npmjs.org/pretty-bytes 686ms (cache revalidated)
npm http fetch GET 200 https://registry.npmjs.org/request-progress 685ms (cache revalidated)
npm http fetch GET 200 https://registry.npmjs.org/supports-color 687ms (cache revalidated)
npm http fetch GET 200 https://registry.npmjs.org/bluebird 731ms (cache revalidated)
npm http fetch GET 200 https://registry.npmjs.org/yauzl 693ms (cache revalidated)
npm http fetch GET 200 https://registry.npmjs.org/untildify 698ms (cache revalidated)
npm http fetch GET 200 https://registry.npmjs.org/tmp 718ms (cache revalidated)
npm http fetch GET 200 https://registry.npmjs.org/ps-tree 427ms (cache revalidated)
npm http fetch GET 200 https://registry.npmjs.org/is-running 429ms (cache revalidated)
npm http fetch GET 200 https://registry.npmjs.org/archiver-utils 442ms (cache revalidated)
npm http fetch GET 200 https://registry.npmjs.org/tar-stream 436ms (cache revalidated)
npm http fetch GET 200 https://registry.npmjs.org/temp-fs 428ms (cache revalidated)
npm http fetch GET 200 https://registry.npmjs.org/buffer-crc32 444ms (cache revalidated)
npm http fetch GET 200 https://registry.npmjs.org/ansi-styles 425ms (cache revalidated)
npm http fetch GET 200 https://registry.npmjs.org/https-proxy-agent 435ms (cache revalidated)
npm http fetch GET 200 https://registry.npmjs.org/agent-base 429ms (cache revalidated)
npm http fetch GET 200 https://registry.npmjs.org/decompress-tar 419ms (cache revalidated)
npm http fetch GET 200 https://registry.npmjs.org/zip-stream 442ms (cache revalidated)
npm http fetch GET 200 https://registry.npmjs.org/string-width 428ms (cache revalidated)
npm http fetch GET 200 https://registry.npmjs.org/readable-stream 450ms (cache revalidated)
npm http fetch GET 200 https://registry.npmjs.org/decompress-targz 449ms (cache revalidated)
npm http fetch GET 200 https://registry.npmjs.org/universalify 451ms (cache revalidated)
npm http fetch GET 200 https://registry.npmjs.org/make-dir 457ms (cache revalidated)
npm http fetch GET 200 https://registry.npmjs.org/decompress-unzip 458ms (cache revalidated)
npm http fetch GET 200 https://registry.npmjs.org/pify 457ms (cache revalidated)
npm http fetch GET 200 https://registry.npmjs.org/strip-dirs 468ms (cache revalidated)
npm http fetch GET 200 https://registry.npmjs.org/inflight 459ms (cache revalidated)
npm http fetch GET 200 https://registry.npmjs.org/ini 463ms (cache revalidated)
npm http fetch GET 200 https://registry.npmjs.org/graceful-fs 474ms (cache revalidated)
npm http fetch GET 200 https://registry.npmjs.org/chokidar 457ms (cache revalidated)
npm http fetch GET 200 https://registry.npmjs.org/path-is-absolute 473ms (cache revalidated)
npm http fetch GET 200 https://registry.npmjs.org/jsonfile 486ms (cache revalidated)
npm http fetch GET 200 https://registry.npmjs.org/fs.realpath 479ms (cache revalidated)
npm http fetch GET 200 https://registry.npmjs.org/graceful-fs 515ms (cache revalidated)
npm http fetch GET 200 https://registry.npmjs.org/minimatch 513ms (cache revalidated)
npm http fetch GET 200 https://registry.npmjs.org/minimatch 507ms (cache revalidated)
npm http fetch GET 200 https://registry.npmjs.org/diff 511ms (cache revalidated)
npm http fetch GET 200 https://registry.npmjs.org/once 522ms (cache revalidated)
npm http fetch GET 200 https://registry.npmjs.org/inherits 527ms (cache revalidated)
npm http fetch GET 200 https://registry.npmjs.org/ansi-colors 525ms (cache revalidated)
npm http fetch GET 200 https://registry.npmjs.org/find-up 532ms (cache revalidated)
npm http fetch GET 200 https://registry.npmjs.org/he 533ms (cache revalidated)
npm http fetch GET 200 https://registry.npmjs.org/nanoid 531ms (cache revalidated)
npm http fetch GET 200 https://registry.npmjs.org/ms 540ms (cache revalidated)
npm http fetch GET 200 https://registry.npmjs.org/browser-stdout 556ms (cache revalidated)
npm http fetch GET 200 https://registry.npmjs.org/readdir-glob 606ms (cache revalidated)
npm http fetch GET 200 https://registry.npmjs.org/js-yaml 556ms (cache revalidated)
npm http fetch GET 200 https://registry.npmjs.org/escape-string-regexp 568ms (cache revalidated)
npm http fetch GET 200 https://registry.npmjs.org/decompress-tarbz2 606ms (cache revalidated)
npm http fetch GET 200 https://registry.npmjs.org/yargs-unparser 574ms (cache revalidated)
npm http fetch GET 200 https://registry.npmjs.org/yargs-parser 576ms (cache revalidated)
npm http fetch GET 200 https://registry.npmjs.org/forever-agent 575ms (cache revalidated)
npm http fetch GET 200 https://registry.npmjs.org/serialize-javascript 598ms (cache revalidated)
npm http fetch GET 200 https://registry.npmjs.org/strip-json-comments 603ms (cache revalidated)
npm http fetch GET 200 https://registry.npmjs.org/http-signature 636ms (cache revalidated)
npm http fetch GET 200 https://registry.npmjs.org/aws-sign2 647ms (cache revalidated)
npm http fetch GET 200 https://registry.npmjs.org/is-typedarray 639ms (cache revalidated)
npm http fetch GET 200 https://registry.npmjs.org/workerpool 662ms (cache revalidated)
npm http fetch GET 200 https://registry.npmjs.org/oauth-sign 651ms (cache revalidated)
npm http fetch GET 200 https://registry.npmjs.org/extend 659ms (cache revalidated)
npm http fetch GET 200 https://registry.npmjs.org/form-data 659ms (cache revalidated)
npm http fetch GET 200 https://registry.npmjs.org/isstream 659ms (cache revalidated)
npm http fetch GET 200 https://registry.npmjs.org/har-validator 663ms (cache revalidated)
npm http fetch GET 200 https://registry.npmjs.org/json-stringify-safe 665ms (cache revalidated)
npm http fetch GET 200 https://registry.npmjs.org/extend 696ms (cache revalidated)
npm http fetch GET 200 https://registry.npmjs.org/has-yarn 684ms (cache revalidated)
npm http fetch GET 200 https://registry.npmjs.org/mime-types 703ms (cache revalidated)
npm http fetch GET 200 https://registry.npmjs.org/string-width 698ms (cache revalidated)
npm http fetch GET 200 https://registry.npmjs.org/tough-cookie 711ms (cache revalidated)
npm http fetch GET 200 https://registry.npmjs.org/aws4 731ms (cache revalidated)
npm http fetch GET 200 https://registry.npmjs.org/performance-now 721ms (cache revalidated)
npm http fetch GET 200 https://registry.npmjs.org/qs 723ms (cache revalidated)
npm http fetch GET 200 https://registry.npmjs.org/safe-buffer 736ms (cache revalidated)
npm http fetch GET 200 https://registry.npmjs.org/isstream 755ms (cache revalidated)
npm http fetch GET 200 https://registry.npmjs.org/import-lazy 771ms (cache revalidated)
npm http fetch GET 200 https://registry.npmjs.org/caseless 801ms (cache revalidated)
npm http fetch GET 200 https://registry.npmjs.org/configstore 775ms (cache revalidated)
npm http fetch GET 200 https://registry.npmjs.org/event-pubsub 812ms (cache revalidated)
npm http fetch GET 200 https://registry.npmjs.org/js-queue 812ms (cache revalidated)
npm http fetch GET 200 https://registry.npmjs.org/slice-ansi 791ms (cache revalidated)
npm http fetch GET 200 https://registry.npmjs.org/js-message 813ms (cache revalidated)
npm http fetch GET 200 https://registry.npmjs.org/latest-version 781ms (cache revalidated)
npm http fetch GET 200 https://registry.npmjs.org/pupa 781ms (cache revalidated)
npm http fetch GET 200 https://registry.npmjs.org/xdg-basedir 784ms (cache revalidated)
npm http fetch GET 200 https://registry.npmjs.org/combined-stream 839ms (cache revalidated)
npm http fetch GET 200 https://registry.npmjs.org/boxen 842ms (cache revalidated)
npm http fetch GET 200 https://registry.npmjs.org/find-up 817ms (cache revalidated)
npm http fetch GET 200 https://registry.npmjs.org/eyes 823ms (cache revalidated)
npm http fetch GET 200 https://registry.npmjs.org/is-yarn-global 845ms (cache revalidated)
npm http fetch GET 200 https://registry.npmjs.org/cliui 831ms (cache revalidated)
npm http fetch GET 200 https://registry.npmjs.org/is-npm 849ms (cache revalidated)
npm http fetch GET 200 https://registry.npmjs.org/colors 846ms (cache revalidated)
npm http fetch GET 200 https://registry.npmjs.org/stack-trace 848ms (cache revalidated)
npm http fetch GET 200 https://registry.npmjs.org/decamelize 846ms (cache revalidated)
npm http fetch GET 200 https://registry.npmjs.org/semver-diff 862ms (cache revalidated)
npm http fetch GET 200 https://registry.npmjs.org/get-caller-file 846ms (cache revalidated)
npm http fetch GET 200 https://registry.npmjs.org/require-directory 867ms (cache revalidated)
npm http fetch GET 200 https://registry.npmjs.org/yargs-parser 877ms (cache revalidated)
npm http fetch GET 200 https://registry.npmjs.org/set-blocking 886ms (cache revalidated)
npm http fetch GET 200 https://registry.npmjs.org/y18n 882ms (cache revalidated)
npm http fetch GET 200 https://registry.npmjs.org/require-main-filename 894ms (cache revalidated)
npm http fetch GET 200 https://registry.npmjs.org/tunnel-agent 940ms (cache revalidated)
npm http fetch GET 200 https://registry.npmjs.org/which-module 907ms (cache revalidated)
npm http fetch GET 200 https://registry.npmjs.org/ajv 999ms (cache revalidated)
npm http fetch GET 200 https://registry.npmjs.org/cycle 1076ms (cache revalidated)
npm http fetch GET 200 https://registry.npmjs.org/bl 94ms (cache revalidated)
npm http fetch GET 200 https://registry.npmjs.org/lodash.defaults 108ms (cache revalidated)
npm http fetch GET 200 https://registry.npmjs.org/lodash.isplainobject 107ms (cache revalidated)
npm http fetch GET 200 https://registry.npmjs.org/string_decoder 104ms (cache revalidated)
npm http fetch GET 200 https://registry.npmjs.org/lazystream 122ms (cache revalidated)
npm http fetch GET 200 https://registry.npmjs.org/compress-commons 111ms (cache revalidated)
npm http fetch GET 200 https://registry.npmjs.org/end-of-stream 131ms (cache revalidated)
npm http fetch GET 200 https://registry.npmjs.org/fs-constants 130ms (cache revalidated)
npm http fetch GET 200 https://registry.npmjs.org/normalize-path 137ms (cache revalidated)
npm http fetch GET 200 https://registry.npmjs.org/util-deprecate 141ms (cache revalidated)
npm http fetch GET 200 https://registry.npmjs.org/lodash.union 203ms (cache revalidated)
npm http fetch GET 200 https://registry.npmjs.org/lodash.flatten 317ms (cache revalidated)
npm http fetch GET 200 https://registry.npmjs.org/lodash.difference 318ms (cache revalidated)
npm http fetch GET 200 https://registry.npmjs.org/isarray 107ms (cache revalidated)
npm http fetch GET 200 https://registry.npmjs.org/process-nextick-args 109ms (cache revalidated)
npm http fetch GET 200 https://registry.npmjs.org/core-util-is 115ms (cache revalidated)
npm http fetch GET 200 https://registry.npmjs.org/rimraf 100ms (cache revalidated)
npm http fetch GET 200 https://registry.npmjs.org/event-stream 364ms (cache revalidated)
npm http fetch GET 200 https://registry.npmjs.org/has-flag 167ms (cache revalidated)
npm http fetch GET 200 https://registry.npmjs.org/color-convert 189ms (cache revalidated)
npm http fetch GET 200 https://registry.npmjs.org/color-name 139ms (cache revalidated)
npm http fetch GET 200 https://registry.npmjs.org/strip-ansi 125ms (cache revalidated)
npm http fetch GET 200 https://registry.npmjs.org/emoji-regex 133ms (cache revalidated)
npm http fetch GET 200 https://registry.npmjs.org/is-fullwidth-code-point 153ms (cache revalidated)
npm http fetch GET 200 https://registry.npmjs.org/cross-spawn 288ms (cache revalidated)
npm http fetch GET 200 https://registry.npmjs.org/merge-stream 294ms (cache revalidated)
npm http fetch GET 200 https://registry.npmjs.org/lodash.once 316ms (cache revalidated)
npm http fetch GET 200 https://registry.npmjs.org/is-stream 297ms (cache revalidated)
npm http fetch GET 200 https://registry.npmjs.org/signal-exit 295ms (cache revalidated)
npm http fetch GET 200 https://registry.npmjs.org/ieee754 312ms (cache revalidated)
npm http fetch GET 200 https://registry.npmjs.org/restore-cursor 309ms (cache revalidated)
npm http fetch GET 200 https://registry.npmjs.org/human-signals 310ms (cache revalidated)
npm http fetch GET 200 https://registry.npmjs.org/npm-run-path 310ms (cache revalidated)
npm http fetch GET 200 https://registry.npmjs.org/strip-final-newline 308ms (cache revalidated)
npm http fetch GET 200 https://registry.npmjs.org/ci-info 299ms (cache revalidated)
npm http fetch GET 200 https://registry.npmjs.org/get-stream 317ms (cache revalidated)
npm http fetch GET 200 https://registry.npmjs.org/get-stream 311ms (cache revalidated)
npm http fetch GET 200 https://registry.npmjs.org/onetime 317ms (cache revalidated)
npm http fetch GET 200 https://registry.npmjs.org/@types%2fyauzl 312ms (cache revalidated)
npm http fetch GET 200 https://registry.npmjs.org/at-least-node 331ms (cache revalidated)
npm http fetch GET 200 https://registry.npmjs.org/is-path-inside 327ms (cache revalidated)
npm http fetch GET 200 https://registry.npmjs.org/undici-types 364ms (cache revalidated)
npm http fetch GET 200 https://registry.npmjs.org/base64-js 364ms (cache revalidated)
npm http fetch GET 200 https://registry.npmjs.org/log-update 342ms (cache revalidated)
npm http fetch GET 200 https://registry.npmjs.org/lru-cache 329ms (cache revalidated)
npm http fetch GET 200 https://registry.npmjs.org/p-map 347ms (cache revalidated)
npm http fetch GET 200 https://registry.npmjs.org/wrap-ansi 344ms (cache revalidated)
npm http fetch GET 200 https://registry.npmjs.org/cli-truncate 358ms (cache revalidated)
npm http fetch GET 200 https://registry.npmjs.org/global-dirs 369ms (cache revalidated)
npm http fetch GET 200 https://registry.npmjs.org/fd-slicer 357ms (cache revalidated)
npm http fetch GET 200 https://registry.npmjs.org/through 372ms (cache revalidated)
npm http fetch GET 200 https://registry.npmjs.org/rxjs 375ms (cache revalidated)
npm http fetch GET 200 https://registry.npmjs.org/is-unicode-supported 380ms (cache revalidated)
npm http fetch GET 200 https://registry.npmjs.org/rfdc 388ms (cache revalidated)
npm http fetch GET 200 https://registry.npmjs.org/colorette 397ms (cache revalidated)
npm http fetch GET 200 https://registry.npmjs.org/@colors%2fcolors 442ms (cache revalidated)
npm http fetch GET 200 https://registry.npmjs.org/throttleit 402ms (cache revalidated)
npm http fetch GET 200 https://registry.npmjs.org/assert-plus 114ms (cache revalidated)
npm http fetch GET 200 https://registry.npmjs.org/mime-db 119ms (cache revalidated)
npm http fetch GET 200 https://registry.npmjs.org/punycode 116ms (cache revalidated)
npm http fetch GET 200 https://registry.npmjs.org/asynckit 139ms (cache revalidated)
npm http fetch GET 200 https://registry.npmjs.org/delayed-stream 142ms (cache revalidated)
npm http fetch GET 200 https://registry.npmjs.org/sshpk 137ms (cache revalidated)
npm http fetch GET 200 https://registry.npmjs.org/side-channel 131ms (cache revalidated)
npm http fetch GET 200 https://registry.npmjs.org/url-parse 128ms (cache revalidated)
npm http fetch GET 200 https://registry.npmjs.org/psl 131ms (cache revalidated)
npm http fetch GET 200 https://registry.npmjs.org/jsprim 185ms (cache revalidated)
npm http fetch GET 200 https://registry.npmjs.org/file-type 99ms (cache revalidated)
npm http fetch GET 200 https://registry.npmjs.org/file-type 96ms (cache revalidated)
npm http fetch GET 200 https://registry.npmjs.org/file-type 111ms (cache revalidated)
npm http fetch GET 200 https://registry.npmjs.org/is-natural-number 99ms (cache revalidated)
npm http fetch GET 200 https://registry.npmjs.org/unbzip2-stream 113ms (cache revalidated)
npm http fetch GET 200 https://registry.npmjs.org/seek-bzip 320ms (cache revalidated)
npm http fetch GET 200 https://registry.npmjs.org/buffer-alloc 86ms (cache revalidated)
npm http fetch GET 200 https://registry.npmjs.org/to-buffer 85ms (cache revalidated)
npm http fetch GET 200 https://registry.npmjs.org/xtend 89ms (cache revalidated)
npm http fetch GET 200 https://registry.npmjs.org/pinkie-promise 98ms (cache revalidated)
npm http fetch GET 200 https://registry.npmjs.org/object-assign 99ms (cache revalidated)
npm http fetch GET 200 https://registry.npmjs.org/ansi-regex 72ms (cache revalidated)
npm http fetch GET 200 https://registry.npmjs.org/pump 82ms (cache revalidated)
npm http fetch GET 200 https://registry.npmjs.org/path-key 83ms (cache revalidated)
npm http fetch GET 200 https://registry.npmjs.org/shebang-command 88ms (cache revalidated)
npm http fetch GET 200 https://registry.npmjs.org/path-key 96ms (cache revalidated)
npm http fetch GET 200 https://registry.npmjs.org/which 95ms (cache revalidated)
npm http fetch GET 200 https://registry.npmjs.org/mimic-fn 94ms (cache revalidated)
npm http fetch GET 200 https://registry.npmjs.org/shebang-regex 69ms (cache revalidated)
npm http fetch GET 200 https://registry.npmjs.org/isexe 86ms (cache revalidated)
npm http fetch GET 200 https://registry.npmjs.org/pinkie 89ms (cache revalidated)
npm http fetch GET 200 https://registry.npmjs.org/brace-expansion 96ms (cache revalidated)
npm http fetch GET 200 https://registry.npmjs.org/wrappy 100ms (cache revalidated)
npm http fetch GET 200 https://registry.npmjs.org/extsprintf 112ms (cache revalidated)
npm http fetch GET 200 https://registry.npmjs.org/json-schema 112ms (cache revalidated)
npm http fetch GET 200 https://registry.npmjs.org/verror 112ms (cache revalidated)
npm http fetch GET 200 https://registry.npmjs.org/asn1 110ms (cache revalidated)
npm http fetch GET 200 https://registry.npmjs.org/getpass 109ms (cache revalidated)
npm http fetch GET 200 https://registry.npmjs.org/tweetnacl 107ms (cache revalidated)
npm http fetch GET 200 https://registry.npmjs.org/dashdash 116ms (cache revalidated)
npm http fetch GET 200 https://registry.npmjs.org/ecc-jsbn 114ms (cache revalidated)
npm http fetch GET 200 https://registry.npmjs.org/safer-buffer 116ms (cache revalidated)
npm http fetch GET 200 https://registry.npmjs.org/jsbn 116ms (cache revalidated)
npm http fetch GET 200 https://registry.npmjs.org/bcrypt-pbkdf 115ms (cache revalidated)
npm http fetch GET 200 https://registry.npmjs.org/aggregate-error 96ms (cache revalidated)
npm http fetch GET 200 https://registry.npmjs.org/ansi-escapes 107ms (cache revalidated)
npm http fetch GET 200 https://registry.npmjs.org/tslib 112ms (cache revalidated)
npm http fetch GET 200 https://registry.npmjs.org/astral-regex 89ms (cache revalidated)
npm http fetch GET 200 https://registry.npmjs.org/type-fest 89ms (cache revalidated)
npm http fetch GET 200 https://registry.npmjs.org/balanced-match 95ms (cache revalidated)
npm http fetch GET 200 https://registry.npmjs.org/concat-map 101ms (cache revalidated)
npm http fetch GET 200 https://registry.npmjs.org/is-binary-path 150ms (cache revalidated)
npm http fetch GET 200 https://registry.npmjs.org/braces 153ms (cache revalidated)
npm http fetch GET 200 https://registry.npmjs.org/fsevents 147ms (cache revalidated)
npm http fetch GET 200 https://registry.npmjs.org/locate-path 149ms (cache revalidated)
npm http fetch GET 200 https://registry.npmjs.org/anymatch 165ms (cache revalidated)
npm http fetch GET 200 https://registry.npmjs.org/glob-parent 169ms (cache revalidated)
npm http fetch GET 200 https://registry.npmjs.org/is-glob 167ms (cache revalidated)
npm http fetch GET 200 https://registry.npmjs.org/is-plain-obj 140ms (cache revalidated)
npm http fetch GET 200 https://registry.npmjs.org/readdirp 186ms (cache revalidated)
npm http fetch GET 200 https://registry.npmjs.org/randombytes 163ms (cache revalidated)
npm http fetch GET 200 https://registry.npmjs.org/argparse 174ms (cache revalidated)
npm http fetch GET 200 https://registry.npmjs.org/escalade 155ms (cache revalidated)
npm http fetch GET 200 https://registry.npmjs.org/camelcase 151ms (cache revalidated)
npm http fetch GET 200 https://registry.npmjs.org/flat 322ms (cache revalidated)
npm http fetch GET 200 https://registry.npmjs.org/path-exists 656ms (cache revalidated)
npm http fetch GET 200 https://registry.npmjs.org/fill-range 88ms (cache revalidated)
npm http fetch GET 200 https://registry.npmjs.org/binary-extensions 89ms (cache revalidated)
npm http fetch GET 200 https://registry.npmjs.org/is-extglob 96ms (cache revalidated)
npm http fetch GET 200 https://registry.npmjs.org/picomatch 100ms (cache revalidated)
npm http fetch GET 200 https://registry.npmjs.org/picomatch 112ms (cache revalidated)
npm http fetch GET 200 https://registry.npmjs.org/to-regex-range 79ms (cache revalidated)
npm http fetch GET 200 https://registry.npmjs.org/is-number 85ms (cache revalidated)
npm http fetch GET 200 https://registry.npmjs.org/p-locate 98ms (cache revalidated)
npm http fetch GET 200 https://registry.npmjs.org/p-limit 150ms (cache revalidated)
npm http fetch GET 200 https://registry.npmjs.org/easy-stack 89ms (cache revalidated)
npm http fetch GET 200 https://registry.npmjs.org/yocto-queue 96ms (cache revalidated)
npm http fetch GET 200 https://registry.npmjs.org/indent-string 81ms (cache revalidated)
npm http fetch GET 200 https://registry.npmjs.org/clean-stack 98ms (cache revalidated)
npm http fetch GET 200 https://registry.npmjs.org/from 75ms (cache revalidated)
npm http fetch GET 200 https://registry.npmjs.org/split 102ms (cache revalidated)
npm http fetch GET 200 https://registry.npmjs.org/map-stream 104ms (cache revalidated)
npm http fetch GET 200 https://registry.npmjs.org/pause-stream 298ms (cache revalidated)
npm http fetch GET 200 https://registry.npmjs.org/stream-combiner 316ms (cache revalidated)
npm http fetch GET 200 https://registry.npmjs.org/duplexer 324ms (cache revalidated)
npm http fetch GET 200 https://registry.npmjs.org/call-bind 81ms (cache revalidated)
npm http fetch GET 200 https://registry.npmjs.org/get-intrinsic 81ms (cache revalidated)
npm http fetch GET 200 https://registry.npmjs.org/object-inspect 82ms (cache revalidated)
npm http fetch GET 200 https://registry.npmjs.org/har-schema 85ms (cache revalidated)
npm http fetch GET 200 https://registry.npmjs.org/fast-json-stable-stringify 78ms (cache revalidated)
npm http fetch GET 200 https://registry.npmjs.org/uri-js 81ms (cache revalidated)
npm http fetch GET 200 https://registry.npmjs.org/fast-deep-equal 101ms (cache revalidated)
npm http fetch GET 200 https://registry.npmjs.org/json-schema-traverse 101ms (cache revalidated)
npm http fetch GET 200 https://registry.npmjs.org/yallist 81ms (cache revalidated)
npm http fetch GET 200 https://registry.npmjs.org/function-bind 89ms (cache revalidated)
npm http fetch GET 200 https://registry.npmjs.org/has-symbols 87ms (cache revalidated)
npm http fetch GET 200 https://registry.npmjs.org/has-proto 88ms (cache revalidated)
npm http fetch GET 200 https://registry.npmjs.org/set-function-length 92ms (cache revalidated)
npm http fetch GET 200 https://registry.npmjs.org/hasown 99ms (cache revalidated)
npm http fetch GET 200 https://registry.npmjs.org/define-data-property 91ms (cache revalidated)
npm http fetch GET 200 https://registry.npmjs.org/gopd 90ms (cache revalidated)
npm http fetch GET 200 https://registry.npmjs.org/has-property-descriptors 89ms (cache revalidated)
npm http fetch GET 200 https://registry.npmjs.org/querystringify 107ms (cache revalidated)
npm http fetch GET 200 https://registry.npmjs.org/requires-port 107ms (cache revalidated)
npm http fetch GET 200 https://registry.npmjs.org/unique-string 120ms (cache revalidated)
npm http fetch GET 200 https://registry.npmjs.org/cli-boxes 137ms (cache revalidated)
npm http fetch GET 200 https://registry.npmjs.org/dot-prop 151ms (cache revalidated)
npm http fetch GET 200 https://registry.npmjs.org/escape-goat 134ms (cache revalidated)
npm http fetch GET 200 https://registry.npmjs.org/package-json 145ms (cache revalidated)
npm http fetch GET 200 https://registry.npmjs.org/widest-line 182ms (cache revalidated)
npm http fetch GET 200 https://registry.npmjs.org/ansi-align 187ms (cache revalidated)
npm http fetch GET 200 https://registry.npmjs.org/write-file-atomic 352ms (cache revalidated)
npm http fetch GET 200 https://registry.npmjs.org/imurmurhash 85ms (cache revalidated)
npm http fetch GET 200 https://registry.npmjs.org/is-obj 92ms (cache revalidated)
npm http fetch GET 200 https://registry.npmjs.org/typedarray-to-buffer 100ms (cache revalidated)
npm http fetch GET 200 https://registry.npmjs.org/crypto-random-string 332ms (cache revalidated)
npm http fetch GET 200 https://registry.npmjs.org/registry-url 84ms (cache revalidated)
npm http fetch GET 200 https://registry.npmjs.org/registry-auth-token 88ms (cache revalidated)
npm http fetch GET 200 https://registry.npmjs.org/got 92ms (cache revalidated)
npm http fetch GET 200 https://registry.npmjs.org/lowercase-keys 112ms (cache revalidated)
npm http fetch GET 200 https://registry.npmjs.org/duplexer3 115ms (cache revalidated)
npm http fetch GET 200 https://registry.npmjs.org/p-cancelable 113ms (cache revalidated)
npm http fetch GET 200 https://registry.npmjs.org/cacheable-request 121ms (cache revalidated)
npm http fetch GET 200 https://registry.npmjs.org/mimic-response 128ms (cache revalidated)
npm http fetch GET 200 https://registry.npmjs.org/@szmarczak%2fhttp-timer 143ms (cache revalidated)
npm http fetch GET 200 https://registry.npmjs.org/url-parse-lax 136ms (cache revalidated)
npm http fetch GET 200 https://registry.npmjs.org/to-readable-stream 142ms (cache revalidated)
npm http fetch GET 200 https://registry.npmjs.org/rc 141ms (cache revalidated)
npm http fetch GET 200 https://registry.npmjs.org/decompress-response 157ms (cache revalidated)
npm http fetch GET 200 https://registry.npmjs.org/rc 149ms (cache revalidated)
npm http fetch GET 200 https://registry.npmjs.org/@sindresorhus%2fis 164ms (cache revalidated)
npm http fetch GET 200 https://registry.npmjs.org/clone-response 119ms (cache revalidated)
npm http fetch GET 200 https://registry.npmjs.org/defer-to-connect 124ms (cache revalidated)
npm http fetch GET 200 https://registry.npmjs.org/http-cache-semantics 120ms (cache revalidated)
npm http fetch GET 200 https://registry.npmjs.org/normalize-url 118ms (cache revalidated)
npm http fetch GET 200 https://registry.npmjs.org/keyv 122ms (cache revalidated)
npm http fetch GET 200 https://registry.npmjs.org/responselike 126ms (cache revalidated)
npm http fetch GET 200 https://registry.npmjs.org/prepend-http 111ms (cache revalidated)
npm http fetch GET 200 https://registry.npmjs.org/json-buffer 71ms (cache revalidated)
npm http fetch GET 200 https://registry.npmjs.org/deep-extend 89ms (cache revalidated)
npm http fetch GET 200 https://registry.npmjs.org/pend 90ms (cache revalidated)
npm http fetch GET 200 https://registry.npmjs.org/crc32-stream 80ms (cache revalidated)
npm http fetch GET 200 https://registry.npmjs.org/crc-32 87ms (cache revalidated)
npm http fetch GET 200 https://registry.npmjs.org/buffer-fill 91ms (cache revalidated)
npm http fetch GET 200 https://registry.npmjs.org/buffer-alloc-unsafe 92ms (cache revalidated)
npm http fetch GET 200 https://registry.npmjs.org/p-try 87ms (cache revalidated)
npm verb reify failed optional dependency C:\Users\samag\OneDrive\Рабочий стол\monsters(cypress)\tmpBstackPackages\node_modules\fsevents
npm http fetch POST 200 https://registry.npmjs.org/-/npm/v1/security/advisories/bulk 408ms
npm WARN deprecated har-validator@5.1.5: this library is no longer supported
npm WARN deprecated uuid@3.4.0: Please upgrade  to version 7 or higher.  Older versions may use Math.random() in certain circumstances, which is known to be problematic.  See https://v8.dev/blog/math-random for details.
npm WARN deprecated request@2.88.2: request has been deprecated, see https://github.com/request/request/issues/3142
npm info run cypress@13.6.1 postinstall node_modules/cypress node index.js --exec install
npm info run cypress@13.6.1 postinstall { code: 0, signal: null }

added 449 packages, and audited 450 packages in 26s

66 packages are looking for funding
  run `npm fund` for details

7 moderate severity vulnerabilities

To address all issues (including breaking changes), run:
  npm audit fix --force

Run `npm audit` for details.
npm verb exit 0
npm info ok 
